
ROM used:   1196/131072 (1%)
            1196/131072 (1%) including unused fragments

            0.2 Average locations per line
            1.1 Average locations per statement

RAM used:   71/3936 (2%) at main() level
            91/3936 (2%) worst case

Stack used: 4 worst case (4 in main + 0 for interrupts)
Stack size: 31

Lines Stmts  %   Files
----- ----- ---  -----
   87    58   5  bai_327_32led_tat_std_pst_tsp_3btn_nhanh.c
   24     0   0  ..\bai_326_32led_3y_cau_up_dw\tv_kit_vdk_18f6722_all.c
  133     0   0  ..\bai_326_32led_3y_cau_up_dw\tv_01_18f6722_define.c
  912     0   0  ..\..\..\..\..\..\..\..\..\Program Files (x86)\PICC\Devices\18f6722.h
  430   105   9  ..\bai_326_32led_3y_cau_up_dw\tv_02_18f6722_mbi.c
  385   148  13  ..\bai_326_32led_3y_cau_up_dw\tv_03_18f6722_key.c
 2229   257  23  ..\..\..\..\..\..\..\..\..\Program Files (x86)\PICC\Drivers\math.h
  154    63   6  ..\bai_326_32led_3y_cau_up_dw\tv_04_18f6722_8led_7doan.c
  422   199  18  ..\bai_326_32led_3y_cau_up_dw\tv_05_18f6722_lcd.c
  127    45   4  ..\bai_326_32led_3y_cau_up_dw\tv_05_i2c_ds13_pcf.c
   55    23   2  ..\bai_326_32led_3y_cau_up_dw\tv_06_18f6722_adc.c
   49    27   2  ..\bai_326_32led_3y_cau_up_dw\tv_09_i2c_at24cxx.c
   80    40   4  ..\bai_326_32led_3y_cau_up_dw\tv_ds18b20.c
  230    54   5  ..\..\..\..\..\..\..\..\..\Program Files (x86)\PICC\Drivers\touch.c
   64    35   3  ..\bai_326_32led_3y_cau_up_dw\tv_dht11.c
   40    38   3  ..\bai_326_32led_3y_cau_up_dw\tv_rotary_encoder.c
   30    18   2  ..\bai_326_32led_3y_cau_up_dw\tv_HX711.c
----- -----
 5451  1110 Total

Page ROM  %  RAM   Vol Diff  Functions:
---- --- --- ---   --- ----  ----------
0     38   2    1             @delay_ms1
0    124   5    0   629  2.4  set_up_port
0     28   1    4    57  1.6  xuat_1word
0     22   1    0    48  1.1  xuat_rbdc
0     44   2    3   106  2.1  xuat_lcd
0     44   2    3   106  2.1  xuat_glcd
0     52   2    0   152  1.8  xuat_3led_matran
0     58   2    2   162  4.4  xuat_8led_7doan
0     30   1    4   104  2.0  xuat_32led_don_2word
0     32   1    0   121  1.7  xoa_tat_ca_cac_module
0     36   2    9   120  2.8  xuat_32led_don_1dw
0      2   0    0  1166  5.7  @const1135
0     10   0    0   344  7.4  @const1218
0     22   1    0             @const1220
0     14   1    0    25  1.2  task0
0    170   7    7   444  5.1  task1
0    160   7    7   444  5.1  task2
0    306  13    0   604  7.6  MAIN
 Inline         0   727  6.0  @cinit1

Program metrics:
    Functions               17
    Statements              1110
    Comments                1142
    Volume (V)              8933
    Difficulty (D)          61.7
    Effort to implement (E) 551065
    Time to implement (T)   8 hours, 30 minutes
    Est Delivered Bugs (B)  2
    Cyclomatic Complexity   26
    Maintainability (MI)    77

 Segment     Used  Free
-----------  ----  ----
00000-00002     4  0  
00004-0FFFE  1192  64340  
10000-1FFFE     0  65536  



