
ROM used:   858/131072 (1%)
            858/131072 (1%) including unused fragments

            0.2 Average locations per line
            0.8 Average locations per statement

RAM used:   63/3936 (2%) at main() level
            83/3936 (2%) worst case

Stack used: 4 worst case (4 in main + 0 for interrupts)
Stack size: 31

Lines Stmts  %   Files
----- ----- ---  -----
   29    25   2  bai_324_up_dw_clr_16led.c
   24     0   0  tv_kit_vdk_18f6722_all.c
  133     0   0  tv_01_18f6722_define.c
  912     0   0  ..\..\..\..\..\..\..\..\..\Program Files (x86)\PICC\Devices\18f6722.h
  430   105  10  tv_02_18f6722_mbi.c
  385   148  14  tv_03_18f6722_key.c
 2229   257  24  ..\..\..\..\..\..\..\..\..\Program Files (x86)\PICC\Drivers\math.h
  154    63   6  tv_04_18f6722_8led_7doan.c
  422   199  18  tv_05_18f6722_lcd.c
  127    45   4  tv_05_i2c_ds13_pcf.c
   55    23   2  tv_06_18f6722_adc.c
   49    27   3  tv_09_i2c_at24cxx.c
   80    40   4  tv_ds18b20.c
  230    54   5  ..\..\..\..\..\..\..\..\..\Program Files (x86)\PICC\Drivers\touch.c
   64    35   3  tv_dht11.c
   40    38   4  tv_rotary_encoder.c
   30    18   2  tv_HX711.c
----- -----
 5393  1077 Total

Page ROM  %  RAM   Vol Diff  Functions:
---- --- --- ---   --- ----  ----------
0     38   2    1             @delay_ms1
0    124   7    0   629  2.4  set_up_port
0     28   2    4    57  1.6  xuat_1word
0     22   1    0    48  1.1  xuat_rbdc
0     44   3    3   106  2.1  xuat_lcd
0     44   3    3   106  2.1  xuat_glcd
0     52   3    0   152  1.8  xuat_3led_matran
0     58   3    2   162  4.4  xuat_8led_7doan
0     30   2    4   104  2.0  xuat_32led_don_2word
0     32   2    0   121  1.7  xoa_tat_ca_cac_module
0      2   0    0  1166  5.7  @const1135
0     10   1    0   344  7.4  @const1218
0     22   1    0             @const1220
0     30   2    0    76  2.4  dich_bit_left_to_right
0     46   3    2    88  2.9  dich_bit_right_to_left
0    272  16    0   420  3.7  MAIN
 Inline         0   389  4.7  @cinit1

Program metrics:
    Functions               15
    Statements              1077
    Comments                1138
    Volume (V)              6557
    Difficulty (D)          47.4
    Effort to implement (E) 311112
    Time to implement (T)   4 hours, 48 minutes
    Est Delivered Bugs (B)  2
    Cyclomatic Complexity   16
    Maintainability (MI)    110

 Segment     Used  Free
-----------  ----  ----
00000-00002     4  0  
00004-0FFFE   854  64678  
10000-1FFFE     0  65536  



